\BOOKMARK [0][-]{chapter.1}{\376\377\0001\000\040\000W\000a\000v\000e\000p\000r\000o\000p\000a\000g\000a\000t\000i\000o\000n\000-\000S\000i\000m\000u\000l\000a\000t\000i\000o\000n\000\040\000o\000n\000\040\000A\000n\000d\000r\000o\000i\000d\000-\000S\000y\000s\000t\000e\000m\000s}{}% 1
\BOOKMARK [1][-]{section.1.1}{\376\377\0001\000.\0001\000\040\000I\000n\000t\000r\000o}{chapter.1}% 2
\BOOKMARK [1][-]{section.1.2}{\376\377\0001\000.\0002\000\040\000F\000u\000n\000c\000t\000i\000o\000n\000s}{chapter.1}% 3
\BOOKMARK [2][-]{subsection.1.2.1}{\376\377\0001\000.\0002\000.\0001\000\040\000C\000r\000e\000a\000t\000i\000n\000g\000\040\000W\000a\000v\000e\000s}{section.1.2}% 4
\BOOKMARK [2][-]{subsection.1.2.2}{\376\377\0001\000.\0002\000.\0002\000\040\000C\000r\000e\000a\000t\000i\000n\000g\000\040\000O\000b\000s\000t\000a\000c\000l\000e\000s}{section.1.2}% 5
\BOOKMARK [2][-]{subsection.1.2.3}{\376\377\0001\000.\0002\000.\0003\000\040\000O\000b\000s\000t\000a\000c\000l\000e\000s}{section.1.2}% 6
\BOOKMARK [2][-]{subsection.1.2.4}{\376\377\0001\000.\0002\000.\0004\000\040\000B\000o\000u\000n\000d\000a\000r\000i\000e\000s}{section.1.2}% 7
\BOOKMARK [2][-]{subsection.1.2.5}{\376\377\0001\000.\0002\000.\0005\000\040\000R\000e\000s\000e\000t\000t\000i\000n\000g}{section.1.2}% 8
\BOOKMARK [0][-]{chapter.2}{\376\377\0002\000\040\000D\000e\000p\000r\000e\000c\000a\000t\000e\000d\000\040\000L\000i\000s\000t}{}% 9
\BOOKMARK [0][-]{chapter.3}{\376\377\0003\000\040\000N\000a\000m\000e\000s\000p\000a\000c\000e\000\040\000I\000n\000d\000e\000x}{}% 10
\BOOKMARK [1][-]{section.3.1}{\376\377\0003\000.\0001\000\040\000N\000a\000m\000e\000s\000p\000a\000c\000e\000\040\000L\000i\000s\000t}{chapter.3}% 11
\BOOKMARK [0][-]{chapter.4}{\376\377\0004\000\040\000H\000i\000e\000r\000a\000r\000c\000h\000i\000c\000a\000l\000\040\000I\000n\000d\000e\000x}{}% 12
\BOOKMARK [1][-]{section.4.1}{\376\377\0004\000.\0001\000\040\000C\000l\000a\000s\000s\000\040\000H\000i\000e\000r\000a\000r\000c\000h\000y}{chapter.4}% 13
\BOOKMARK [0][-]{chapter.5}{\376\377\0005\000\040\000C\000l\000a\000s\000s\000\040\000I\000n\000d\000e\000x}{}% 14
\BOOKMARK [1][-]{section.5.1}{\376\377\0005\000.\0001\000\040\000C\000l\000a\000s\000s\000\040\000L\000i\000s\000t}{chapter.5}% 15
\BOOKMARK [0][-]{chapter.6}{\376\377\0006\000\040\000F\000i\000l\000e\000\040\000I\000n\000d\000e\000x}{}% 16
\BOOKMARK [1][-]{section.6.1}{\376\377\0006\000.\0001\000\040\000F\000i\000l\000e\000\040\000L\000i\000s\000t}{chapter.6}% 17
\BOOKMARK [0][-]{chapter.7}{\376\377\0007\000\040\000N\000a\000m\000e\000s\000p\000a\000c\000e\000\040\000D\000o\000c\000u\000m\000e\000n\000t\000a\000t\000i\000o\000n}{}% 18
\BOOKMARK [1][-]{section.7.1}{\376\377\0007\000.\0001\000\040\000P\000a\000c\000k\000a\000g\000e\000\040\000S\000o\000l\000v\000e\000r}{chapter.7}% 19
\BOOKMARK [2][-]{subsection.7.1.1}{\376\377\0007\000.\0001\000.\0001\000\040\000D\000e\000t\000a\000i\000l\000e\000d\000\040\000D\000e\000s\000c\000r\000i\000p\000t\000i\000o\000n}{section.7.1}% 20
\BOOKMARK [1][-]{section.7.2}{\376\377\0007\000.\0002\000\040\000P\000a\000c\000k\000a\000g\000e\000\040\000S\000o\000l\000v\000e\000r}{chapter.7}% 21
\BOOKMARK [2][-]{subsection.7.2.1}{\376\377\0007\000.\0002\000.\0001\000\040\000D\000e\000t\000a\000i\000l\000e\000d\000\040\000D\000e\000s\000c\000r\000i\000p\000t\000i\000o\000n}{section.7.2}% 22
\BOOKMARK [0][-]{chapter.8}{\376\377\0008\000\040\000C\000l\000a\000s\000s\000\040\000D\000o\000c\000u\000m\000e\000n\000t\000a\000t\000i\000o\000n}{}% 23
\BOOKMARK [1][-]{section.8.1}{\376\377\0008\000.\0001\000\040\000S\000o\000l\000v\000e\000r\000.\000C\000P\000P\000S\000i\000m\000u\000l\000a\000t\000o\000r\000\040\000C\000l\000a\000s\000s\000\040\000R\000e\000f\000e\000r\000e\000n\000c\000e}{chapter.8}% 24
\BOOKMARK [2][-]{subsection.8.1.1}{\376\377\0008\000.\0001\000.\0001\000\040\000D\000e\000t\000a\000i\000l\000e\000d\000\040\000D\000e\000s\000c\000r\000i\000p\000t\000i\000o\000n}{section.8.1}% 25
\BOOKMARK [2][-]{subsection.8.1.2}{\376\377\0008\000.\0001\000.\0002\000\040\000C\000o\000n\000s\000t\000r\000u\000c\000t\000o\000r\000\040\000\046\000\040\000D\000e\000s\000t\000r\000u\000c\000t\000o\000r\000\040\000D\000o\000c\000u\000m\000e\000n\000t\000a\000t\000i\000o\000n}{section.8.1}% 26
\BOOKMARK [3][-]{subsubsection.8.1.2.1}{\376\377\0008\000.\0001\000.\0002\000.\0001\000\040\000C\000P\000P\000S\000i\000m\000u\000l\000a\000t\000o\000r\000\050\000\051}{subsection.8.1.2}% 27
\BOOKMARK [2][-]{subsection.8.1.3}{\376\377\0008\000.\0001\000.\0003\000\040\000M\000e\000m\000b\000e\000r\000\040\000F\000u\000n\000c\000t\000i\000o\000n\000\040\000D\000o\000c\000u\000m\000e\000n\000t\000a\000t\000i\000o\000n}{section.8.1}% 28
\BOOKMARK [3][-]{subsubsection.8.1.3.1}{\376\377\0008\000.\0001\000.\0003\000.\0001\000\040\000d\000e\000l\000e\000t\000e\000\050\000i\000n\000t\000\040\000x\000,\000\040\000i\000n\000t\000\040\000y\000,\000\040\000i\000n\000t\000\040\000r\000\051}{subsection.8.1.3}% 29
\BOOKMARK [3][-]{subsubsection.8.1.3.2}{\376\377\0008\000.\0001\000.\0003\000.\0002\000\040\000f\000i\000n\000a\000l\000i\000z\000e\000\050\000\051}{subsection.8.1.3}% 30
\BOOKMARK [3][-]{subsubsection.8.1.3.3}{\376\377\0008\000.\0001\000.\0003\000.\0003\000\040\000g\000e\000t\000B\000a\000t\000h\000y\000m\000e\000t\000r\000y\000\050\000i\000n\000t\000\040\000x\000,\000\040\000i\000n\000t\000\040\000y\000\051}{subsection.8.1.3}% 31
\BOOKMARK [3][-]{subsubsection.8.1.3.4}{\376\377\0008\000.\0001\000.\0003\000.\0004\000\040\000g\000e\000t\000H\000e\000i\000g\000h\000t\000\050\000i\000n\000t\000\040\000x\000,\000\040\000i\000n\000t\000\040\000y\000\051}{subsection.8.1.3}% 32
\BOOKMARK [3][-]{subsubsection.8.1.3.5}{\376\377\0008\000.\0001\000.\0003\000.\0005\000\040\000p\000l\000a\000c\000e\000C\000i\000r\000c\000l\000e\000\050\000i\000n\000t\000\040\000x\000,\000\040\000i\000n\000t\000\040\000y\000,\000\040\000i\000n\000t\000\040\000r\000\051}{subsection.8.1.3}% 33
\BOOKMARK [3][-]{subsubsection.8.1.3.6}{\376\377\0008\000.\0001\000.\0003\000.\0006\000\040\000r\000e\000s\000e\000t\000\050\000\051}{subsection.8.1.3}% 34
\BOOKMARK [3][-]{subsubsection.8.1.3.7}{\376\377\0008\000.\0001\000.\0003\000.\0007\000\040\000r\000e\000s\000e\000t\000W\000a\000v\000e\000s\000\050\000\051}{subsection.8.1.3}% 35
\BOOKMARK [3][-]{subsubsection.8.1.3.8}{\376\377\0008\000.\0001\000.\0003\000.\0008\000\040\000s\000e\000t\000B\000o\000u\000n\000d\000a\000r\000y\000T\000y\000p\000e\000\050\000b\000o\000o\000l\000e\000a\000n\000\040\000i\000s\000W\000a\000l\000l\000\051}{subsection.8.1.3}% 36
\BOOKMARK [3][-]{subsubsection.8.1.3.9}{\376\377\0008\000.\0001\000.\0003\000.\0009\000\040\000s\000e\000t\000W\000a\000v\000e\000\050\000i\000n\000t\000\040\000x\000,\000\040\000i\000n\000t\000\040\000y\000,\000\040\000i\000n\000t\000\040\000r\000,\000\040\000f\000l\000o\000a\000t\000\040\000h\000\051}{subsection.8.1.3}% 37
\BOOKMARK [3][-]{subsubsection.8.1.3.10}{\376\377\0008\000.\0001\000.\0003\000.\0001\0000\000\040\000s\000i\000m\000u\000l\000a\000t\000e\000t\000i\000m\000e\000s\000t\000e\000p\000\050\000\051}{subsection.8.1.3}% 38
\BOOKMARK [2][-]{subsection.8.1.4}{\376\377\0008\000.\0001\000.\0004\000\040\000M\000e\000m\000b\000e\000r\000\040\000D\000a\000t\000a\000\040\000D\000o\000c\000u\000m\000e\000n\000t\000a\000t\000i\000o\000n}{section.8.1}% 39
\BOOKMARK [3][-]{subsubsection.8.1.4.1}{\376\377\0008\000.\0001\000.\0004\000.\0001\000\040\000c\000e\000l\000l\000c\000o\000u\000n\000t}{subsection.8.1.4}% 40
\BOOKMARK [3][-]{subsubsection.8.1.4.2}{\376\377\0008\000.\0001\000.\0004\000.\0002\000\040\000s\000i\000m}{subsection.8.1.4}% 41
\BOOKMARK [3][-]{subsubsection.8.1.4.3}{\376\377\0008\000.\0001\000.\0004\000.\0003\000\040\000w\000a\000t\000e\000r\000l\000e\000v\000e\000l}{subsection.8.1.4}% 42
\BOOKMARK [1][-]{section.8.2}{\376\377\0008\000.\0002\000\040\000F\000l\000o\000a\000t\0001\000D\000\040\000C\000l\000a\000s\000s\000\040\000R\000e\000f\000e\000r\000e\000n\000c\000e}{chapter.8}% 43
\BOOKMARK [2][-]{subsection.8.2.1}{\376\377\0008\000.\0002\000.\0001\000\040\000D\000e\000t\000a\000i\000l\000e\000d\000\040\000D\000e\000s\000c\000r\000i\000p\000t\000i\000o\000n}{section.8.2}% 44
\BOOKMARK [2][-]{subsection.8.2.2}{\376\377\0008\000.\0002\000.\0002\000\040\000C\000o\000n\000s\000t\000r\000u\000c\000t\000o\000r\000\040\000\046\000\040\000D\000e\000s\000t\000r\000u\000c\000t\000o\000r\000\040\000D\000o\000c\000u\000m\000e\000n\000t\000a\000t\000i\000o\000n}{section.8.2}% 45
\BOOKMARK [3][-]{subsubsection.8.2.2.1}{\376\377\0008\000.\0002\000.\0002\000.\0001\000\040\000F\000l\000o\000a\000t\0001\000D\000\050\000f\000l\000o\000a\000t\000\040\000*\000e\000l\000e\000m\000,\000\040\000i\000n\000t\000\040\000r\000o\000w\000s\000,\000\040\000i\000n\000t\000\040\000s\000t\000r\000i\000d\000e\000=\0001\000\051}{subsection.8.2.2}% 46
\BOOKMARK [3][-]{subsubsection.8.2.2.2}{\376\377\0008\000.\0002\000.\0002\000.\0002\000\040\000\040\000F\000l\000o\000a\000t\0001\000D\000\050\000\051}{subsection.8.2.2}% 47
\BOOKMARK [2][-]{subsection.8.2.3}{\376\377\0008\000.\0002\000.\0003\000\040\000M\000e\000m\000b\000e\000r\000\040\000F\000u\000n\000c\000t\000i\000o\000n\000\040\000D\000o\000c\000u\000m\000e\000n\000t\000a\000t\000i\000o\000n}{section.8.2}% 48
\BOOKMARK [3][-]{subsubsection.8.2.3.1}{\376\377\0008\000.\0002\000.\0003\000.\0001\000\040\000e\000l\000e\000m\000V\000e\000c\000t\000o\000r\000\050\000\051}{subsection.8.2.3}% 49
\BOOKMARK [3][-]{subsubsection.8.2.3.2}{\376\377\0008\000.\0002\000.\0003\000.\0002\000\040\000g\000e\000t\000S\000i\000z\000e\000\050\000\051\000\040\000c\000o\000n\000s\000t\000\040}{subsection.8.2.3}% 50
\BOOKMARK [3][-]{subsubsection.8.2.3.3}{\376\377\0008\000.\0002\000.\0003\000.\0003\000\040\000o\000p\000e\000r\000a\000t\000o\000r\000[\000]\000\050\000i\000n\000t\000\040\000i\000\051}{subsection.8.2.3}% 51
\BOOKMARK [3][-]{subsubsection.8.2.3.4}{\376\377\0008\000.\0002\000.\0003\000.\0004\000\040\000o\000p\000e\000r\000a\000t\000o\000r\000[\000]\000\050\000i\000n\000t\000\040\000i\000\051\000\040\000c\000o\000n\000s\000t\000\040}{subsection.8.2.3}% 52
\BOOKMARK [1][-]{section.8.3}{\376\377\0008\000.\0003\000\040\000F\000l\000o\000a\000t\0002\000D\000\040\000C\000l\000a\000s\000s\000\040\000R\000e\000f\000e\000r\000e\000n\000c\000e}{chapter.8}% 53
\BOOKMARK [2][-]{subsection.8.3.1}{\376\377\0008\000.\0003\000.\0001\000\040\000D\000e\000t\000a\000i\000l\000e\000d\000\040\000D\000e\000s\000c\000r\000i\000p\000t\000i\000o\000n}{section.8.3}% 54
\BOOKMARK [2][-]{subsection.8.3.2}{\376\377\0008\000.\0003\000.\0002\000\040\000C\000o\000n\000s\000t\000r\000u\000c\000t\000o\000r\000\040\000\046\000\040\000D\000e\000s\000t\000r\000u\000c\000t\000o\000r\000\040\000D\000o\000c\000u\000m\000e\000n\000t\000a\000t\000i\000o\000n}{section.8.3}% 55
\BOOKMARK [3][-]{subsubsection.8.3.2.1}{\376\377\0008\000.\0003\000.\0002\000.\0001\000\040\000F\000l\000o\000a\000t\0002\000D\000\050\000i\000n\000t\000\040\000c\000o\000l\000s\000,\000\040\000i\000n\000t\000\040\000r\000o\000w\000s\000,\000\040\000b\000o\000o\000l\000\040\000a\000l\000l\000o\000c\000a\000t\000e\000M\000e\000m\000o\000r\000y\000=\000t\000r\000u\000e\000\051}{subsection.8.3.2}% 56
\BOOKMARK [3][-]{subsubsection.8.3.2.2}{\376\377\0008\000.\0003\000.\0002\000.\0002\000\040\000F\000l\000o\000a\000t\0002\000D\000\050\000i\000n\000t\000\040\000c\000o\000l\000s\000,\000\040\000i\000n\000t\000\040\000r\000o\000w\000s\000,\000\040\000f\000l\000o\000a\000t\000\040\000*\000e\000l\000e\000m\000\051}{subsection.8.3.2}% 57
\BOOKMARK [3][-]{subsubsection.8.3.2.3}{\376\377\0008\000.\0003\000.\0002\000.\0003\000\040\000F\000l\000o\000a\000t\0002\000D\000\050\000F\000l\000o\000a\000t\0002\000D\000\040\000e\000l\000e\000m\000,\000\040\000b\000o\000o\000l\000\040\000s\000h\000a\000l\000l\000o\000w\000C\000o\000p\000y\000\051}{subsection.8.3.2}% 58
\BOOKMARK [3][-]{subsubsection.8.3.2.4}{\376\377\0008\000.\0003\000.\0002\000.\0004\000\040\000\040\000F\000l\000o\000a\000t\0002\000D\000\050\000\051}{subsection.8.3.2}% 59
\BOOKMARK [2][-]{subsection.8.3.3}{\376\377\0008\000.\0003\000.\0003\000\040\000M\000e\000m\000b\000e\000r\000\040\000F\000u\000n\000c\000t\000i\000o\000n\000\040\000D\000o\000c\000u\000m\000e\000n\000t\000a\000t\000i\000o\000n}{section.8.3}% 60
\BOOKMARK [3][-]{subsubsection.8.3.3.1}{\376\377\0008\000.\0003\000.\0003\000.\0001\000\040\000e\000l\000e\000m\000V\000e\000c\000t\000o\000r\000\050\000\051}{subsection.8.3.3}% 61
\BOOKMARK [3][-]{subsubsection.8.3.3.2}{\376\377\0008\000.\0003\000.\0003\000.\0002\000\040\000g\000e\000t\000C\000o\000l\000P\000r\000o\000x\000y\000\050\000i\000n\000t\000\040\000i\000\051}{subsection.8.3.3}% 62
\BOOKMARK [3][-]{subsubsection.8.3.3.3}{\376\377\0008\000.\0003\000.\0003\000.\0003\000\040\000g\000e\000t\000C\000o\000l\000s\000\050\000\051\000\040\000c\000o\000n\000s\000t\000\040}{subsection.8.3.3}% 63
\BOOKMARK [3][-]{subsubsection.8.3.3.4}{\376\377\0008\000.\0003\000.\0003\000.\0004\000\040\000g\000e\000t\000R\000o\000w\000P\000r\000o\000x\000y\000\050\000i\000n\000t\000\040\000j\000\051}{subsection.8.3.3}% 64
\BOOKMARK [3][-]{subsubsection.8.3.3.5}{\376\377\0008\000.\0003\000.\0003\000.\0005\000\040\000g\000e\000t\000R\000o\000w\000s\000\050\000\051\000\040\000c\000o\000n\000s\000t\000\040}{subsection.8.3.3}% 65
\BOOKMARK [3][-]{subsubsection.8.3.3.6}{\376\377\0008\000.\0003\000.\0003\000.\0006\000\040\000o\000p\000e\000r\000a\000t\000o\000r\000[\000]\000\050\000i\000n\000t\000\040\000i\000\051}{subsection.8.3.3}% 66
\BOOKMARK [3][-]{subsubsection.8.3.3.7}{\376\377\0008\000.\0003\000.\0003\000.\0007\000\040\000o\000p\000e\000r\000a\000t\000o\000r\000[\000]\000\050\000i\000n\000t\000\040\000i\000\051\000\040\000c\000o\000n\000s\000t\000\040}{subsection.8.3.3}% 67
\BOOKMARK [1][-]{section.8.4}{\376\377\0008\000.\0004\000\040\000S\000o\000l\000v\000e\000r\000.\000H\000e\000l\000p\000e\000r\000\040\000C\000l\000a\000s\000s\000\040\000R\000e\000f\000e\000r\000e\000n\000c\000e}{chapter.8}% 68
\BOOKMARK [2][-]{subsection.8.4.1}{\376\377\0008\000.\0004\000.\0001\000\040\000D\000e\000t\000a\000i\000l\000e\000d\000\040\000D\000e\000s\000c\000r\000i\000p\000t\000i\000o\000n}{section.8.4}% 69
\BOOKMARK [2][-]{subsection.8.4.2}{\376\377\0008\000.\0004\000.\0002\000\040\000M\000e\000m\000b\000e\000r\000\040\000F\000u\000n\000c\000t\000i\000o\000n\000\040\000D\000o\000c\000u\000m\000e\000n\000t\000a\000t\000i\000o\000n}{section.8.4}% 70
\BOOKMARK [3][-]{subsubsection.8.4.2.1}{\376\377\0008\000.\0004\000.\0002\000.\0001\000\040\000l\000i\000n\000e\000a\000r\000m\000a\000p\000\050\000f\000l\000o\000a\000t\000\040\000x\0001\000,\000\040\000f\000l\000o\000a\000t\000\040\000y\0001\000,\000\040\000f\000l\000o\000a\000t\000\040\000x\0002\000,\000\040\000f\000l\000o\000a\000t\000\040\000y\0002\000,\000\040\000f\000l\000o\000a\000t\000\040\000n\000u\000m\000b\000e\000r\000\051}{subsection.8.4.2}% 71
\BOOKMARK [1][-]{section.8.5}{\376\377\0008\000.\0005\000\040\000S\000o\000l\000v\000e\000r\000.\000S\000i\000m\000u\000l\000a\000t\000i\000o\000n\000R\000u\000n\000n\000e\000r\000\040\000C\000l\000a\000s\000s\000\040\000R\000e\000f\000e\000r\000e\000n\000c\000e}{chapter.8}% 72
\BOOKMARK [2][-]{subsection.8.5.1}{\376\377\0008\000.\0005\000.\0001\000\040\000D\000e\000t\000a\000i\000l\000e\000d\000\040\000D\000e\000s\000c\000r\000i\000p\000t\000i\000o\000n}{section.8.5}% 73
\BOOKMARK [2][-]{subsection.8.5.2}{\376\377\0008\000.\0005\000.\0002\000\040\000C\000o\000n\000s\000t\000r\000u\000c\000t\000o\000r\000\040\000\046\000\040\000D\000e\000s\000t\000r\000u\000c\000t\000o\000r\000\040\000D\000o\000c\000u\000m\000e\000n\000t\000a\000t\000i\000o\000n}{section.8.5}% 74
\BOOKMARK [3][-]{subsubsection.8.5.2.1}{\376\377\0008\000.\0005\000.\0002\000.\0001\000\040\000S\000i\000m\000u\000l\000a\000t\000i\000o\000n\000R\000u\000n\000n\000e\000r\000\050\000M\000a\000i\000n\000A\000c\000t\000i\000v\000i\000t\000y\000\040\000c\000u\000r\000r\000e\000n\000t\000A\000c\000t\000i\000v\000i\000t\000y\000\051}{subsection.8.5.2}% 75
\BOOKMARK [2][-]{subsection.8.5.3}{\376\377\0008\000.\0005\000.\0003\000\040\000M\000e\000m\000b\000e\000r\000\040\000F\000u\000n\000c\000t\000i\000o\000n\000\040\000D\000o\000c\000u\000m\000e\000n\000t\000a\000t\000i\000o\000n}{section.8.5}% 76
\BOOKMARK [3][-]{subsubsection.8.5.3.1}{\376\377\0008\000.\0005\000.\0003\000.\0001\000\040\000c\000h\000a\000n\000g\000e\000A\000c\000t\000i\000v\000i\000t\000y\000\050\000M\000a\000i\000n\000A\000c\000t\000i\000v\000i\000t\000y\000\040\000a\000\051}{subsection.8.5.3}% 77
\BOOKMARK [3][-]{subsubsection.8.5.3.2}{\376\377\0008\000.\0005\000.\0003\000.\0002\000\040\000i\000s\000S\000t\000a\000r\000t\000e\000d\000\050\000\051}{subsection.8.5.3}% 78
\BOOKMARK [3][-]{subsubsection.8.5.3.3}{\376\377\0008\000.\0005\000.\0003\000.\0003\000\040\000s\000t\000a\000r\000t\000\050\000\051}{subsection.8.5.3}% 79
\BOOKMARK [3][-]{subsubsection.8.5.3.4}{\376\377\0008\000.\0005\000.\0003\000.\0004\000\040\000s\000t\000o\000p\000\050\000\051}{subsection.8.5.3}% 80
\BOOKMARK [1][-]{section.8.6}{\376\377\0008\000.\0006\000\040\000S\000W\000E\000\137\000B\000l\000o\000c\000k\000\040\000C\000l\000a\000s\000s\000\040\000R\000e\000f\000e\000r\000e\000n\000c\000e}{chapter.8}% 81
\BOOKMARK [2][-]{subsection.8.6.1}{\376\377\0008\000.\0006\000.\0001\000\040\000D\000e\000t\000a\000i\000l\000e\000d\000\040\000D\000e\000s\000c\000r\000i\000p\000t\000i\000o\000n}{section.8.6}% 82
\BOOKMARK [2][-]{subsection.8.6.2}{\376\377\0008\000.\0006\000.\0002\000\040\000C\000o\000n\000s\000t\000r\000u\000c\000t\000o\000r\000\040\000\046\000\040\000D\000e\000s\000t\000r\000u\000c\000t\000o\000r\000\040\000D\000o\000c\000u\000m\000e\000n\000t\000a\000t\000i\000o\000n}{section.8.6}% 83
\BOOKMARK [3][-]{subsubsection.8.6.2.1}{\376\377\0008\000.\0006\000.\0002\000.\0001\000\040\000S\000W\000E\000B\000l\000o\000c\000k\000\050\000i\000n\000t\000\040\000l\000n\000x\000,\000\040\000i\000n\000t\000\040\000l\000n\000y\000,\000\040\000f\000l\000o\000a\000t\000\040\000l\000d\000x\000,\000\040\000f\000l\000o\000a\000t\000\040\000l\000d\000y\000\051}{subsection.8.6.2}% 84
\BOOKMARK [3][-]{subsubsection.8.6.2.2}{\376\377\0008\000.\0006\000.\0002\000.\0002\000\040\000\040\000S\000W\000E\000B\000l\000o\000c\000k\000\050\000\051}{subsection.8.6.2}% 85
\BOOKMARK [2][-]{subsection.8.6.3}{\376\377\0008\000.\0006\000.\0003\000\040\000M\000e\000m\000b\000e\000r\000\040\000F\000u\000n\000c\000t\000i\000o\000n\000\040\000D\000o\000c\000u\000m\000e\000n\000t\000a\000t\000i\000o\000n}{section.8.6}% 86
\BOOKMARK [3][-]{subsubsection.8.6.3.1}{\376\377\0008\000.\0006\000.\0003\000.\0001\000\040\000c\000o\000m\000p\000u\000t\000e\000M\000a\000x\000T\000i\000m\000e\000s\000t\000e\000p\000\050\000c\000o\000n\000s\000t\000\040\000f\000l\000o\000a\000t\000\040\000i\000d\000r\000y\000T\000o\000l\000=\0000\000.\0001\000,\000\040\000c\000o\000n\000s\000t\000\040\000f\000l\000o\000a\000t\000\040\000i\000c\000f\000l\000N\000u\000m\000b\000e\000r\000=\0000\000.\0004\000\051}{subsection.8.6.3}% 87
\BOOKMARK [3][-]{subsubsection.8.6.3.2}{\376\377\0008\000.\0006\000.\0003\000.\0002\000\040\000c\000o\000m\000p\000u\000t\000e\000N\000u\000m\000e\000r\000i\000c\000a\000l\000F\000l\000u\000x\000e\000s\000\050\000\051\000=\0000}{subsection.8.6.3}% 88
\BOOKMARK [3][-]{subsubsection.8.6.3.3}{\376\377\0008\000.\0006\000.\0003\000.\0003\000\040\000g\000e\000t\000B\000a\000t\000h\000y\000m\000e\000t\000r\000y\000\050\000\051}{subsection.8.6.3}% 89
\BOOKMARK [3][-]{subsubsection.8.6.3.4}{\376\377\0008\000.\0006\000.\0003\000.\0004\000\040\000g\000e\000t\000D\000i\000s\000c\000h\000a\000r\000g\000e\000h\000u\000\050\000\051}{subsection.8.6.3}% 90
\BOOKMARK [3][-]{subsubsection.8.6.3.5}{\376\377\0008\000.\0006\000.\0003\000.\0005\000\040\000g\000e\000t\000D\000i\000s\000c\000h\000a\000r\000g\000e\000h\000v\000\050\000\051}{subsection.8.6.3}% 91
\BOOKMARK [3][-]{subsubsection.8.6.3.6}{\376\377\0008\000.\0006\000.\0003\000.\0006\000\040\000g\000e\000t\000M\000a\000x\000T\000i\000m\000e\000s\000t\000e\000p\000\050\000\051}{subsection.8.6.3}% 92
\BOOKMARK [3][-]{subsubsection.8.6.3.7}{\376\377\0008\000.\0006\000.\0003\000.\0007\000\040\000g\000e\000t\000N\000x\000\050\000\051}{subsection.8.6.3}% 93
\BOOKMARK [3][-]{subsubsection.8.6.3.8}{\376\377\0008\000.\0006\000.\0003\000.\0008\000\040\000g\000e\000t\000N\000y\000\050\000\051}{subsection.8.6.3}% 94
\BOOKMARK [3][-]{subsubsection.8.6.3.9}{\376\377\0008\000.\0006\000.\0003\000.\0009\000\040\000g\000e\000t\000W\000a\000t\000e\000r\000H\000e\000i\000g\000h\000t\000\050\000\051}{subsection.8.6.3}% 95
\BOOKMARK [3][-]{subsubsection.8.6.3.10}{\376\377\0008\000.\0006\000.\0003\000.\0001\0000\000\040\000g\000r\000a\000b\000G\000h\000o\000s\000t\000L\000a\000y\000e\000r\000\050\000B\000o\000u\000n\000d\000a\000r\000y\000E\000d\000g\000e\000\040\000e\000d\000g\000e\000\051}{subsection.8.6.3}% 96
\BOOKMARK [3][-]{subsubsection.8.6.3.11}{\376\377\0008\000.\0006\000.\0003\000.\0001\0001\000\040\000i\000n\000i\000t\000S\000c\000e\000n\000a\000r\000i\000o\000\050\000f\000l\000o\000a\000t\000\040\000o\000f\000f\000s\000e\000t\000X\000,\000\040\000f\000l\000o\000a\000t\000\040\000o\000f\000f\000s\000e\000t\000Y\000,\000\040\000S\000W\000E\000S\000c\000e\000n\000a\000r\000i\000o\000\040\000i\000s\000c\000e\000n\000a\000r\000i\000o\000,\000\040\000c\000o\000n\000s\000t\000\040\000b\000o\000o\000l\000\040\000i\000m\000u\000l\000t\000i\000p\000l\000e\000B\000l\000o\000c\000k\000s\000=\000f\000a\000l\000s\000e\000\051}{subsection.8.6.3}% 97
\BOOKMARK [3][-]{subsubsection.8.6.3.12}{\376\377\0008\000.\0006\000.\0003\000.\0001\0002\000\040\000r\000e\000g\000i\000s\000t\000e\000r\000C\000o\000p\000y\000L\000a\000y\000e\000r\000\050\000B\000o\000u\000n\000d\000a\000r\000y\000E\000d\000g\000e\000\040\000e\000d\000g\000e\000\051}{subsection.8.6.3}% 98
\BOOKMARK [3][-]{subsubsection.8.6.3.13}{\376\377\0008\000.\0006\000.\0003\000.\0001\0003\000\040\000s\000e\000t\000B\000a\000t\000h\000y\000m\000e\000t\000r\000y\000\050\000f\000l\000o\000a\000t\000\040\000b\000\051}{subsection.8.6.3}% 99
\BOOKMARK [3][-]{subsubsection.8.6.3.14}{\376\377\0008\000.\0006\000.\0003\000.\0001\0004\000\040\000s\000e\000t\000B\000a\000t\000h\000y\000m\000e\000t\000r\000y\000\050\000f\000l\000o\000a\000t\000\050\000*\000b\000\051\000\050\000f\000l\000o\000a\000t\000,\000\040\000f\000l\000o\000a\000t\000\051\000\051}{subsection.8.6.3}% 100
\BOOKMARK [3][-]{subsubsection.8.6.3.15}{\376\377\0008\000.\0006\000.\0003\000.\0001\0005\000\040\000s\000e\000t\000B\000a\000t\000h\000y\000m\000e\000t\000r\000y\000X\000Y\000\050\000i\000n\000t\000\040\000x\000,\000\040\000i\000n\000t\000\040\000y\000,\000\040\000f\000l\000o\000a\000t\000\040\000h\000s\000e\000t\000\051}{subsection.8.6.3}% 101
\BOOKMARK [3][-]{subsubsection.8.6.3.16}{\376\377\0008\000.\0006\000.\0003\000.\0001\0006\000\040\000s\000e\000t\000B\000o\000u\000n\000d\000a\000r\000y\000B\000a\000t\000h\000y\000m\000e\000t\000r\000y\000\050\000\051}{subsection.8.6.3}% 102
\BOOKMARK [3][-]{subsubsection.8.6.3.17}{\376\377\0008\000.\0006\000.\0003\000.\0001\0007\000\040\000s\000e\000t\000B\000o\000u\000n\000d\000a\000r\000y\000C\000o\000n\000d\000i\000t\000i\000o\000n\000s\000\050\000\051}{subsection.8.6.3}% 103
\BOOKMARK [3][-]{subsubsection.8.6.3.18}{\376\377\0008\000.\0006\000.\0003\000.\0001\0008\000\040\000s\000e\000t\000B\000o\000u\000n\000d\000a\000r\000y\000T\000y\000p\000e\000\050\000B\000o\000u\000n\000d\000a\000r\000y\000E\000d\000g\000e\000\040\000e\000d\000g\000e\000,\000\040\000B\000o\000u\000n\000d\000a\000r\000y\000T\000y\000p\000e\000\040\000b\000o\000u\000n\000d\000t\000y\000p\000e\000,\000\040\000c\000o\000n\000s\000t\000\040\000S\000W\000E\000B\000l\000o\000c\000k\0001\000D\000\040\000*\000i\000n\000f\000l\000o\000w\000=\000N\000U\000L\000L\000\051}{subsection.8.6.3}% 104
\BOOKMARK [3][-]{subsubsection.8.6.3.19}{\376\377\0008\000.\0006\000.\0003\000.\0001\0009\000\040\000s\000e\000t\000D\000i\000s\000c\000h\000a\000r\000g\000e\000\050\000f\000l\000o\000a\000t\000\050\000*\000u\000\051\000\050\000f\000l\000o\000a\000t\000,\000\040\000f\000l\000o\000a\000t\000\051\000,\000\040\000f\000l\000o\000a\000t\000\050\000*\000v\000\051\000\050\000f\000l\000o\000a\000t\000,\000\040\000f\000l\000o\000a\000t\000\051\000\051}{subsection.8.6.3}% 105
\BOOKMARK [3][-]{subsubsection.8.6.3.20}{\376\377\0008\000.\0006\000.\0003\000.\0002\0000\000\040\000s\000e\000t\000G\000h\000o\000s\000t\000L\000a\000y\000e\000r\000\050\000\051}{subsection.8.6.3}% 106
\BOOKMARK [3][-]{subsubsection.8.6.3.21}{\376\377\0008\000.\0006\000.\0003\000.\0002\0001\000\040\000s\000e\000t\000H\000u\000X\000Y\000\050\000i\000n\000t\000\040\000x\000,\000\040\000i\000n\000t\000\040\000y\000,\000\040\000f\000l\000o\000a\000t\000\040\000h\000s\000e\000t\000\051}{subsection.8.6.3}% 107
\BOOKMARK [3][-]{subsubsection.8.6.3.22}{\376\377\0008\000.\0006\000.\0003\000.\0002\0002\000\040\000s\000e\000t\000H\000v\000X\000Y\000\050\000i\000n\000t\000\040\000x\000,\000\040\000i\000n\000t\000\040\000y\000,\000\040\000f\000l\000o\000a\000t\000\040\000h\000s\000e\000t\000\051}{subsection.8.6.3}% 108
\BOOKMARK [3][-]{subsubsection.8.6.3.23}{\376\377\0008\000.\0006\000.\0003\000.\0002\0003\000\040\000s\000e\000t\000W\000a\000t\000e\000r\000H\000e\000i\000g\000h\000t\000\050\000f\000l\000o\000a\000t\000\050\000*\000h\000\051\000\050\000f\000l\000o\000a\000t\000,\000\040\000f\000l\000o\000a\000t\000\051\000\051}{subsection.8.6.3}% 109
\BOOKMARK [3][-]{subsubsection.8.6.3.24}{\376\377\0008\000.\0006\000.\0003\000.\0002\0004\000\040\000s\000e\000t\000W\000a\000t\000e\000r\000H\000e\000i\000g\000h\000t\000X\000Y\000\050\000i\000n\000t\000\040\000x\000,\000\040\000i\000n\000t\000\040\000y\000,\000\040\000f\000l\000o\000a\000t\000\040\000h\000s\000e\000t\000\051}{subsection.8.6.3}% 110
\BOOKMARK [3][-]{subsubsection.8.6.3.25}{\376\377\0008\000.\0006\000.\0003\000.\0002\0005\000\040\000s\000i\000m\000u\000l\000a\000t\000e\000\050\000f\000l\000o\000a\000t\000\040\000t\000S\000t\000a\000r\000t\000,\000\040\000f\000l\000o\000a\000t\000\040\000t\000E\000n\000d\000\051}{subsection.8.6.3}% 111
\BOOKMARK [3][-]{subsubsection.8.6.3.26}{\376\377\0008\000.\0006\000.\0003\000.\0002\0006\000\040\000s\000i\000m\000u\000l\000a\000t\000e\000T\000i\000m\000e\000s\000t\000e\000p\000\050\000f\000l\000o\000a\000t\000\040\000d\000t\000\051}{subsection.8.6.3}% 112
\BOOKMARK [3][-]{subsubsection.8.6.3.27}{\376\377\0008\000.\0006\000.\0003\000.\0002\0007\000\040\000s\000y\000n\000c\000h\000A\000f\000t\000e\000r\000W\000r\000i\000t\000e\000\050\000\051}{subsection.8.6.3}% 113
\BOOKMARK [3][-]{subsubsection.8.6.3.28}{\376\377\0008\000.\0006\000.\0003\000.\0002\0008\000\040\000s\000y\000n\000c\000h\000B\000a\000t\000h\000y\000m\000e\000t\000r\000y\000A\000f\000t\000e\000r\000W\000r\000i\000t\000e\000\050\000\051}{subsection.8.6.3}% 114
\BOOKMARK [3][-]{subsubsection.8.6.3.29}{\376\377\0008\000.\0006\000.\0003\000.\0002\0009\000\040\000s\000y\000n\000c\000h\000B\000a\000t\000h\000y\000m\000e\000t\000r\000y\000B\000e\000f\000o\000r\000e\000R\000e\000a\000d\000\050\000\051}{subsection.8.6.3}% 115
\BOOKMARK [3][-]{subsubsection.8.6.3.30}{\376\377\0008\000.\0006\000.\0003\000.\0003\0000\000\040\000s\000y\000n\000c\000h\000B\000e\000f\000o\000r\000e\000R\000e\000a\000d\000\050\000\051}{subsection.8.6.3}% 116
\BOOKMARK [3][-]{subsubsection.8.6.3.31}{\376\377\0008\000.\0006\000.\0003\000.\0003\0001\000\040\000s\000y\000n\000c\000h\000C\000o\000p\000y\000L\000a\000y\000e\000r\000B\000e\000f\000o\000r\000e\000R\000e\000a\000d\000\050\000\051}{subsection.8.6.3}% 117
\BOOKMARK [3][-]{subsubsection.8.6.3.32}{\376\377\0008\000.\0006\000.\0003\000.\0003\0002\000\040\000s\000y\000n\000c\000h\000D\000i\000s\000c\000h\000a\000r\000g\000e\000A\000f\000t\000e\000r\000W\000r\000i\000t\000e\000\050\000\051}{subsection.8.6.3}% 118
\BOOKMARK [3][-]{subsubsection.8.6.3.33}{\376\377\0008\000.\0006\000.\0003\000.\0003\0003\000\040\000s\000y\000n\000c\000h\000D\000i\000s\000c\000h\000a\000r\000g\000e\000B\000e\000f\000o\000r\000e\000R\000e\000a\000d\000\050\000\051}{subsection.8.6.3}% 119
\BOOKMARK [3][-]{subsubsection.8.6.3.34}{\376\377\0008\000.\0006\000.\0003\000.\0003\0004\000\040\000s\000y\000n\000c\000h\000G\000h\000o\000s\000t\000L\000a\000y\000e\000r\000A\000f\000t\000e\000r\000W\000r\000i\000t\000e\000\050\000\051}{subsection.8.6.3}% 120
\BOOKMARK [3][-]{subsubsection.8.6.3.35}{\376\377\0008\000.\0006\000.\0003\000.\0003\0005\000\040\000s\000y\000n\000c\000h\000W\000a\000t\000e\000r\000H\000e\000i\000g\000h\000t\000A\000f\000t\000e\000r\000W\000r\000i\000t\000e\000\050\000\051}{subsection.8.6.3}% 121
\BOOKMARK [3][-]{subsubsection.8.6.3.36}{\376\377\0008\000.\0006\000.\0003\000.\0003\0006\000\040\000s\000y\000n\000c\000h\000W\000a\000t\000e\000r\000H\000e\000i\000g\000h\000t\000B\000e\000f\000o\000r\000e\000R\000e\000a\000d\000\050\000\051}{subsection.8.6.3}% 122
\BOOKMARK [3][-]{subsubsection.8.6.3.37}{\376\377\0008\000.\0006\000.\0003\000.\0003\0007\000\040\000u\000p\000d\000a\000t\000e\000U\000n\000k\000n\000o\000w\000n\000s\000\050\000f\000l\000o\000a\000t\000\040\000d\000t\000\051\000=\0000}{subsection.8.6.3}% 123
\BOOKMARK [2][-]{subsection.8.6.4}{\376\377\0008\000.\0006\000.\0004\000\040\000M\000e\000m\000b\000e\000r\000\040\000D\000a\000t\000a\000\040\000D\000o\000c\000u\000m\000e\000n\000t\000a\000t\000i\000o\000n}{section.8.6}% 124
\BOOKMARK [3][-]{subsubsection.8.6.4.1}{\376\377\0008\000.\0006\000.\0004\000.\0001\000\040\000b}{subsection.8.6.4}% 125
\BOOKMARK [3][-]{subsubsection.8.6.4.2}{\376\377\0008\000.\0006\000.\0004\000.\0002\000\040\000b\000o\000u\000n\000d\000a\000r\000y}{subsection.8.6.4}% 126
\BOOKMARK [3][-]{subsubsection.8.6.4.3}{\376\377\0008\000.\0006\000.\0004\000.\0003\000\040\000d\000x}{subsection.8.6.4}% 127
\BOOKMARK [3][-]{subsubsection.8.6.4.4}{\376\377\0008\000.\0006\000.\0004\000.\0004\000\040\000d\000y}{subsection.8.6.4}% 128
\BOOKMARK [3][-]{subsubsection.8.6.4.5}{\376\377\0008\000.\0006\000.\0004\000.\0005\000\040\000g}{subsection.8.6.4}% 129
\BOOKMARK [3][-]{subsubsection.8.6.4.6}{\376\377\0008\000.\0006\000.\0004\000.\0006\000\040\000h}{subsection.8.6.4}% 130
\BOOKMARK [3][-]{subsubsection.8.6.4.7}{\376\377\0008\000.\0006\000.\0004\000.\0007\000\040\000h\000u}{subsection.8.6.4}% 131
\BOOKMARK [3][-]{subsubsection.8.6.4.8}{\376\377\0008\000.\0006\000.\0004\000.\0008\000\040\000h\000v}{subsection.8.6.4}% 132
\BOOKMARK [3][-]{subsubsection.8.6.4.9}{\376\377\0008\000.\0006\000.\0004\000.\0009\000\040\000m\000a\000x\000T\000i\000m\000e\000s\000t\000e\000p}{subsection.8.6.4}% 133
\BOOKMARK [3][-]{subsubsection.8.6.4.10}{\376\377\0008\000.\0006\000.\0004\000.\0001\0000\000\040\000n\000e\000i\000g\000h\000b\000o\000u\000r}{subsection.8.6.4}% 134
\BOOKMARK [3][-]{subsubsection.8.6.4.11}{\376\377\0008\000.\0006\000.\0004\000.\0001\0001\000\040\000n\000x}{subsection.8.6.4}% 135
\BOOKMARK [3][-]{subsubsection.8.6.4.12}{\376\377\0008\000.\0006\000.\0004\000.\0001\0002\000\040\000n\000y}{subsection.8.6.4}% 136
\BOOKMARK [3][-]{subsubsection.8.6.4.13}{\376\377\0008\000.\0006\000.\0004\000.\0001\0003\000\040\000o\000f\000f\000s\000e\000t\000X}{subsection.8.6.4}% 137
\BOOKMARK [3][-]{subsubsection.8.6.4.14}{\376\377\0008\000.\0006\000.\0004\000.\0001\0004\000\040\000o\000f\000f\000s\000e\000t\000Y}{subsection.8.6.4}% 138
\BOOKMARK [1][-]{section.8.7}{\376\377\0008\000.\0007\000\040\000S\000W\000E\000\137\000B\000l\000o\000c\000k\0001\000D\000\040\000C\000l\000a\000s\000s\000\040\000R\000e\000f\000e\000r\000e\000n\000c\000e}{chapter.8}% 139
\BOOKMARK [2][-]{subsection.8.7.1}{\376\377\0008\000.\0007\000.\0001\000\040\000D\000e\000t\000a\000i\000l\000e\000d\000\040\000D\000e\000s\000c\000r\000i\000p\000t\000i\000o\000n}{section.8.7}% 140
\BOOKMARK [2][-]{subsection.8.7.2}{\376\377\0008\000.\0007\000.\0002\000\040\000C\000o\000n\000s\000t\000r\000u\000c\000t\000o\000r\000\040\000\046\000\040\000D\000e\000s\000t\000r\000u\000c\000t\000o\000r\000\040\000D\000o\000c\000u\000m\000e\000n\000t\000a\000t\000i\000o\000n}{section.8.7}% 141
\BOOKMARK [3][-]{subsubsection.8.7.2.1}{\376\377\0008\000.\0007\000.\0002\000.\0001\000\040\000S\000W\000E\000B\000l\000o\000c\000k\0001\000D\000\050\000c\000o\000n\000s\000t\000\040\000F\000l\000o\000a\000t\0001\000D\000\040\000h\000,\000\040\000c\000o\000n\000s\000t\000\040\000F\000l\000o\000a\000t\0001\000D\000\040\000h\000u\000,\000\040\000c\000o\000n\000s\000t\000\040\000F\000l\000o\000a\000t\0001\000D\000\040\000h\000v\000\051}{subsection.8.7.2}% 142
\BOOKMARK [3][-]{subsubsection.8.7.2.2}{\376\377\0008\000.\0007\000.\0002\000.\0002\000\040\000S\000W\000E\000B\000l\000o\000c\000k\0001\000D\000\050\000f\000l\000o\000a\000t\000\040\000*\000h\000,\000\040\000f\000l\000o\000a\000t\000\040\000*\000h\000u\000,\000\040\000f\000l\000o\000a\000t\000\040\000*\000h\000v\000,\000\040\000i\000n\000t\000\040\000s\000i\000z\000e\000,\000\040\000i\000n\000t\000\040\000s\000t\000r\000i\000d\000e\000=\0001\000\051}{subsection.8.7.2}% 143
\BOOKMARK [2][-]{subsection.8.7.3}{\376\377\0008\000.\0007\000.\0003\000\040\000M\000e\000m\000b\000e\000r\000\040\000D\000a\000t\000a\000\040\000D\000o\000c\000u\000m\000e\000n\000t\000a\000t\000i\000o\000n}{section.8.7}% 144
\BOOKMARK [3][-]{subsubsection.8.7.3.1}{\376\377\0008\000.\0007\000.\0003\000.\0001\000\040\000h}{subsection.8.7.3}% 145
\BOOKMARK [3][-]{subsubsection.8.7.3.2}{\376\377\0008\000.\0007\000.\0003\000.\0002\000\040\000h\000u}{subsection.8.7.3}% 146
\BOOKMARK [3][-]{subsubsection.8.7.3.3}{\376\377\0008\000.\0007\000.\0003\000.\0003\000\040\000h\000v}{subsection.8.7.3}% 147
\BOOKMARK [1][-]{section.8.8}{\376\377\0008\000.\0008\000\040\000S\000W\000E\000\137\000F\000l\000a\000t\000S\000c\000e\000n\000a\000r\000i\000o\000\040\000C\000l\000a\000s\000s\000\040\000R\000e\000f\000e\000r\000e\000n\000c\000e}{chapter.8}% 148
\BOOKMARK [2][-]{subsection.8.8.1}{\376\377\0008\000.\0008\000.\0001\000\040\000D\000e\000t\000a\000i\000l\000e\000d\000\040\000D\000e\000s\000c\000r\000i\000p\000t\000i\000o\000n}{section.8.8}% 149
\BOOKMARK [2][-]{subsection.8.8.2}{\376\377\0008\000.\0008\000.\0002\000\040\000M\000e\000m\000b\000e\000r\000\040\000F\000u\000n\000c\000t\000i\000o\000n\000\040\000D\000o\000c\000u\000m\000e\000n\000t\000a\000t\000i\000o\000n}{section.8.8}% 150
\BOOKMARK [3][-]{subsubsection.8.8.2.1}{\376\377\0008\000.\0008\000.\0002\000.\0001\000\040\000e\000n\000d\000S\000i\000m\000u\000l\000a\000t\000i\000o\000n\000\050\000\051}{subsection.8.8.2}% 151
\BOOKMARK [3][-]{subsubsection.8.8.2.2}{\376\377\0008\000.\0008\000.\0002\000.\0002\000\040\000g\000e\000t\000B\000a\000t\000h\000y\000m\000e\000t\000r\000y\000\050\000f\000l\000o\000a\000t\000\040\000x\000,\000\040\000f\000l\000o\000a\000t\000\040\000y\000\051}{subsection.8.8.2}% 152
\BOOKMARK [3][-]{subsubsection.8.8.2.3}{\376\377\0008\000.\0008\000.\0002\000.\0003\000\040\000g\000e\000t\000B\000o\000u\000n\000d\000a\000r\000y\000P\000o\000s\000\050\000B\000o\000u\000n\000d\000a\000r\000y\000E\000d\000g\000e\000\040\000i\000e\000d\000g\000e\000\051}{subsection.8.8.2}% 153
\BOOKMARK [3][-]{subsubsection.8.8.2.4}{\376\377\0008\000.\0008\000.\0002\000.\0004\000\040\000g\000e\000t\000B\000o\000u\000n\000d\000a\000r\000y\000T\000y\000p\000e\000\050\000B\000o\000u\000n\000d\000a\000r\000y\000E\000d\000g\000e\000\040\000e\000d\000g\000e\000\051}{subsection.8.8.2}% 154
\BOOKMARK [3][-]{subsubsection.8.8.2.5}{\376\377\0008\000.\0008\000.\0002\000.\0005\000\040\000g\000e\000t\000W\000a\000t\000e\000r\000H\000e\000i\000g\000h\000t\000\050\000f\000l\000o\000a\000t\000\040\000x\000,\000\040\000f\000l\000o\000a\000t\000\040\000y\000\051}{subsection.8.8.2}% 155
\BOOKMARK [1][-]{section.8.9}{\376\377\0008\000.\0009\000\040\000S\000W\000E\000\137\000S\000c\000e\000n\000a\000r\000i\000o\000\040\000C\000l\000a\000s\000s\000\040\000R\000e\000f\000e\000r\000e\000n\000c\000e}{chapter.8}% 156
\BOOKMARK [2][-]{subsection.8.9.1}{\376\377\0008\000.\0009\000.\0001\000\040\000D\000e\000t\000a\000i\000l\000e\000d\000\040\000D\000e\000s\000c\000r\000i\000p\000t\000i\000o\000n}{section.8.9}% 157
\BOOKMARK [2][-]{subsection.8.9.2}{\376\377\0008\000.\0009\000.\0002\000\040\000C\000o\000n\000s\000t\000r\000u\000c\000t\000o\000r\000\040\000\046\000\040\000D\000e\000s\000t\000r\000u\000c\000t\000o\000r\000\040\000D\000o\000c\000u\000m\000e\000n\000t\000a\000t\000i\000o\000n}{section.8.9}% 158
\BOOKMARK [3][-]{subsubsection.8.9.2.1}{\376\377\0008\000.\0009\000.\0002\000.\0001\000\040\000\040\000S\000W\000E\000S\000c\000e\000n\000a\000r\000i\000o\000\050\000\051}{subsection.8.9.2}% 159
\BOOKMARK [3][-]{subsubsection.8.9.2.2}{\376\377\0008\000.\0009\000.\0002\000.\0002\000\040\000\040\000S\000W\000E\000S\000c\000e\000n\000a\000r\000i\000o\000\050\000\051}{subsection.8.9.2}% 160
\BOOKMARK [2][-]{subsection.8.9.3}{\376\377\0008\000.\0009\000.\0003\000\040\000M\000e\000m\000b\000e\000r\000\040\000F\000u\000n\000c\000t\000i\000o\000n\000\040\000D\000o\000c\000u\000m\000e\000n\000t\000a\000t\000i\000o\000n}{section.8.9}% 161
\BOOKMARK [3][-]{subsubsection.8.9.3.1}{\376\377\0008\000.\0009\000.\0003\000.\0001\000\040\000e\000n\000d\000S\000i\000m\000u\000l\000a\000t\000i\000o\000n\000\050\000\051}{subsection.8.9.3}% 162
\BOOKMARK [3][-]{subsubsection.8.9.3.2}{\376\377\0008\000.\0009\000.\0003\000.\0002\000\040\000e\000n\000d\000S\000i\000m\000u\000l\000a\000t\000i\000o\000n\000\050\000\051}{subsection.8.9.3}% 163
\BOOKMARK [3][-]{subsubsection.8.9.3.3}{\376\377\0008\000.\0009\000.\0003\000.\0003\000\040\000g\000e\000t\000B\000a\000t\000h\000y\000m\000e\000t\000r\000y\000\050\000f\000l\000o\000a\000t\000\040\000x\000,\000\040\000f\000l\000o\000a\000t\000\040\000y\000\051}{subsection.8.9.3}% 164
\BOOKMARK [3][-]{subsubsection.8.9.3.4}{\376\377\0008\000.\0009\000.\0003\000.\0004\000\040\000g\000e\000t\000B\000a\000t\000h\000y\000m\000e\000t\000r\000y\000\050\000f\000l\000o\000a\000t\000\040\000x\000,\000\040\000f\000l\000o\000a\000t\000\040\000y\000\051}{subsection.8.9.3}% 165
\BOOKMARK [3][-]{subsubsection.8.9.3.5}{\376\377\0008\000.\0009\000.\0003\000.\0005\000\040\000g\000e\000t\000B\000o\000u\000n\000d\000a\000r\000y\000P\000o\000s\000\050\000B\000o\000u\000n\000d\000a\000r\000y\000E\000d\000g\000e\000\040\000e\000d\000g\000e\000\051}{subsection.8.9.3}% 166
\BOOKMARK [3][-]{subsubsection.8.9.3.6}{\376\377\0008\000.\0009\000.\0003\000.\0006\000\040\000g\000e\000t\000B\000o\000u\000n\000d\000a\000r\000y\000P\000o\000s\000\050\000B\000o\000u\000n\000d\000a\000r\000y\000E\000d\000g\000e\000\040\000e\000d\000g\000e\000\051}{subsection.8.9.3}% 167
\BOOKMARK [3][-]{subsubsection.8.9.3.7}{\376\377\0008\000.\0009\000.\0003\000.\0007\000\040\000g\000e\000t\000B\000o\000u\000n\000d\000a\000r\000y\000T\000y\000p\000e\000\050\000B\000o\000u\000n\000d\000a\000r\000y\000E\000d\000g\000e\000\040\000e\000d\000g\000e\000\051}{subsection.8.9.3}% 168
\BOOKMARK [3][-]{subsubsection.8.9.3.8}{\376\377\0008\000.\0009\000.\0003\000.\0008\000\040\000g\000e\000t\000B\000o\000u\000n\000d\000a\000r\000y\000T\000y\000p\000e\000\050\000B\000o\000u\000n\000d\000a\000r\000y\000E\000d\000g\000e\000\040\000e\000d\000g\000e\000\051}{subsection.8.9.3}% 169
\BOOKMARK [3][-]{subsubsection.8.9.3.9}{\376\377\0008\000.\0009\000.\0003\000.\0009\000\040\000g\000e\000t\000V\000e\000l\000o\000c\000u\000\050\000f\000l\000o\000a\000t\000\040\000x\000,\000\040\000f\000l\000o\000a\000t\000\040\000y\000\051}{subsection.8.9.3}% 170
\BOOKMARK [3][-]{subsubsection.8.9.3.10}{\376\377\0008\000.\0009\000.\0003\000.\0001\0000\000\040\000g\000e\000t\000V\000e\000l\000o\000c\000u\000\050\000f\000l\000o\000a\000t\000\040\000x\000,\000\040\000f\000l\000o\000a\000t\000\040\000y\000\051}{subsection.8.9.3}% 171
\BOOKMARK [3][-]{subsubsection.8.9.3.11}{\376\377\0008\000.\0009\000.\0003\000.\0001\0001\000\040\000g\000e\000t\000V\000e\000l\000o\000c\000v\000\050\000f\000l\000o\000a\000t\000\040\000x\000,\000\040\000f\000l\000o\000a\000t\000\040\000y\000\051}{subsection.8.9.3}% 172
\BOOKMARK [3][-]{subsubsection.8.9.3.12}{\376\377\0008\000.\0009\000.\0003\000.\0001\0002\000\040\000g\000e\000t\000V\000e\000l\000o\000c\000v\000\050\000f\000l\000o\000a\000t\000\040\000x\000,\000\040\000f\000l\000o\000a\000t\000\040\000y\000\051}{subsection.8.9.3}% 173
\BOOKMARK [3][-]{subsubsection.8.9.3.13}{\376\377\0008\000.\0009\000.\0003\000.\0001\0003\000\040\000g\000e\000t\000W\000a\000t\000e\000r\000H\000e\000i\000g\000h\000t\000\050\000f\000l\000o\000a\000t\000\040\000x\000,\000\040\000f\000l\000o\000a\000t\000\040\000y\000\051}{subsection.8.9.3}% 174
\BOOKMARK [3][-]{subsubsection.8.9.3.14}{\376\377\0008\000.\0009\000.\0003\000.\0001\0004\000\040\000g\000e\000t\000W\000a\000t\000e\000r\000H\000e\000i\000g\000h\000t\000\050\000f\000l\000o\000a\000t\000\040\000x\000,\000\040\000f\000l\000o\000a\000t\000\040\000y\000\051}{subsection.8.9.3}% 175
\BOOKMARK [3][-]{subsubsection.8.9.3.15}{\376\377\0008\000.\0009\000.\0003\000.\0001\0005\000\040\000w\000a\000t\000e\000r\000H\000e\000i\000g\000h\000t\000A\000t\000R\000e\000s\000t\000\050\000\051}{subsection.8.9.3}% 176
\BOOKMARK [3][-]{subsubsection.8.9.3.16}{\376\377\0008\000.\0009\000.\0003\000.\0001\0006\000\040\000w\000a\000t\000e\000r\000H\000e\000i\000g\000h\000t\000A\000t\000R\000e\000s\000t\000\050\000\051}{subsection.8.9.3}% 177
\BOOKMARK [1][-]{section.8.10}{\376\377\0008\000.\0001\0000\000\040\000S\000W\000E\000\137\000W\000a\000v\000e\000P\000r\000o\000p\000a\000g\000a\000t\000i\000o\000n\000B\000l\000o\000c\000k\000\040\000C\000l\000a\000s\000s\000\040\000R\000e\000f\000e\000r\000e\000n\000c\000e}{chapter.8}% 178
\BOOKMARK [2][-]{subsection.8.10.1}{\376\377\0008\000.\0001\0000\000.\0001\000\040\000D\000e\000t\000a\000i\000l\000e\000d\000\040\000D\000e\000s\000c\000r\000i\000p\000t\000i\000o\000n}{section.8.10}% 179
\BOOKMARK [2][-]{subsection.8.10.2}{\376\377\0008\000.\0001\0000\000.\0002\000\040\000C\000o\000n\000s\000t\000r\000u\000c\000t\000o\000r\000\040\000\046\000\040\000D\000e\000s\000t\000r\000u\000c\000t\000o\000r\000\040\000D\000o\000c\000u\000m\000e\000n\000t\000a\000t\000i\000o\000n}{section.8.10}% 180
\BOOKMARK [3][-]{subsubsection.8.10.2.1}{\376\377\0008\000.\0001\0000\000.\0002\000.\0001\000\040\000S\000W\000E\000W\000a\000v\000e\000P\000r\000o\000p\000a\000g\000a\000t\000i\000o\000n\000B\000l\000o\000c\000k\000\050\000i\000n\000t\000\040\000l\000n\000x\000,\000\040\000i\000n\000t\000\040\000l\000n\000y\000,\000\040\000f\000l\000o\000a\000t\000\040\000l\000d\000x\000,\000\040\000f\000l\000o\000a\000t\000\040\000l\000d\000y\000\051}{subsection.8.10.2}% 181
\BOOKMARK [3][-]{subsubsection.8.10.2.2}{\376\377\0008\000.\0001\0000\000.\0002\000.\0002\000\040\000\040\000S\000W\000E\000W\000a\000v\000e\000P\000r\000o\000p\000a\000g\000a\000t\000i\000o\000n\000B\000l\000o\000c\000k\000\050\000\051}{subsection.8.10.2}% 182
\BOOKMARK [2][-]{subsection.8.10.3}{\376\377\0008\000.\0001\0000\000.\0003\000\040\000M\000e\000m\000b\000e\000r\000\040\000F\000u\000n\000c\000t\000i\000o\000n\000\040\000D\000o\000c\000u\000m\000e\000n\000t\000a\000t\000i\000o\000n}{section.8.10}% 183
\BOOKMARK [3][-]{subsubsection.8.10.3.1}{\376\377\0008\000.\0001\0000\000.\0003\000.\0001\000\040\000c\000o\000m\000p\000u\000t\000e\000N\000u\000m\000e\000r\000i\000c\000a\000l\000F\000l\000u\000x\000e\000s\000\050\000\051}{subsection.8.10.3}% 184
\BOOKMARK [3][-]{subsubsection.8.10.3.2}{\376\377\0008\000.\0001\0000\000.\0003\000.\0002\000\040\000u\000p\000d\000a\000t\000e\000U\000n\000k\000n\000o\000w\000n\000s\000\050\000f\000l\000o\000a\000t\000\040\000d\000t\000\051}{subsection.8.10.3}% 185
\BOOKMARK [3][-]{subsubsection.8.10.3.3}{\376\377\0008\000.\0001\0000\000.\0003\000.\0003\000\040\000u\000p\000d\000a\000t\000e\000U\000n\000k\000n\000o\000w\000n\000s\000R\000o\000w\000\050\000f\000l\000o\000a\000t\000\040\000d\000t\000,\000\040\000i\000n\000t\000\040\000i\000\051}{subsection.8.10.3}% 186
\BOOKMARK [1][-]{section.8.11}{\376\377\0008\000.\0001\0001\000\040\000s\000o\000l\000v\000e\000r\000:\000:\000W\000a\000v\000e\000P\000r\000o\000p\000a\000g\000a\000t\000i\000o\000n\000<\000\040\000T\000\040\000>\000\040\000C\000l\000a\000s\000s\000\040\000T\000e\000m\000p\000l\000a\000t\000e\000\040\000R\000e\000f\000e\000r\000e\000n\000c\000e}{chapter.8}% 187
\BOOKMARK [2][-]{subsection.8.11.1}{\376\377\0008\000.\0001\0001\000.\0001\000\040\000D\000e\000t\000a\000i\000l\000e\000d\000\040\000D\000e\000s\000c\000r\000i\000p\000t\000i\000o\000n}{section.8.11}% 188
\BOOKMARK [2][-]{subsection.8.11.2}{\376\377\0008\000.\0001\0001\000.\0002\000\040\000M\000e\000m\000b\000e\000r\000\040\000E\000n\000u\000m\000e\000r\000a\000t\000i\000o\000n\000\040\000D\000o\000c\000u\000m\000e\000n\000t\000a\000t\000i\000o\000n}{section.8.11}% 189
\BOOKMARK [3][-]{subsubsection.8.11.2.1}{\376\377\0008\000.\0001\0001\000.\0002\000.\0001\000\040\000W\000e\000t\000D\000r\000y\000S\000t\000a\000t\000e}{subsection.8.11.2}% 190
\BOOKMARK [2][-]{subsection.8.11.3}{\376\377\0008\000.\0001\0001\000.\0003\000\040\000C\000o\000n\000s\000t\000r\000u\000c\000t\000o\000r\000\040\000\046\000\040\000D\000e\000s\000t\000r\000u\000c\000t\000o\000r\000\040\000D\000o\000c\000u\000m\000e\000n\000t\000a\000t\000i\000o\000n}{section.8.11}% 191
\BOOKMARK [3][-]{subsubsection.8.11.3.1}{\376\377\0008\000.\0001\0001\000.\0003\000.\0001\000\040\000W\000a\000v\000e\000P\000r\000o\000p\000a\000g\000a\000t\000i\000o\000n\000\050\000T\000\040\000i\000d\000r\000y\000T\000o\000l\000e\000r\000a\000n\000c\000e\000,\000\040\000T\000\040\000i\000g\000r\000a\000v\000i\000t\000y\000,\000\040\000T\000\040\000i\000z\000e\000r\000o\000T\000o\000l\000e\000r\000a\000n\000c\000e\000\051}{subsection.8.11.3}% 192
\BOOKMARK [3][-]{subsubsection.8.11.3.2}{\376\377\0008\000.\0001\0001\000.\0003\000.\0002\000\040\000\040\000W\000a\000v\000e\000P\000r\000o\000p\000a\000g\000a\000t\000i\000o\000n\000\050\000\051}{subsection.8.11.3}% 193
\BOOKMARK [2][-]{subsection.8.11.4}{\376\377\0008\000.\0001\0001\000.\0004\000\040\000M\000e\000m\000b\000e\000r\000\040\000F\000u\000n\000c\000t\000i\000o\000n\000\040\000D\000o\000c\000u\000m\000e\000n\000t\000a\000t\000i\000o\000n}{section.8.11}% 194
\BOOKMARK [3][-]{subsubsection.8.11.4.1}{\376\377\0008\000.\0001\0001\000.\0004\000.\0001\000\040\000c\000o\000m\000p\000u\000t\000e\000N\000e\000t\000U\000p\000d\000a\000t\000e\000s\000\050\000c\000o\000n\000s\000t\000\040\000T\000\040\000i\000h\000L\000e\000f\000t\000,\000\040\000c\000o\000n\000s\000t\000\040\000T\000\040\000i\000h\000R\000i\000g\000h\000t\000,\000\040\000c\000o\000n\000s\000t\000\040\000T\000\040\000i\000h\000u\000L\000e\000f\000t\000,\000\040\000c\000o\000n\000s\000t\000\040\000T\000\040\000i\000h\000u\000R\000i\000g\000h\000t\000,\000\040\000c\000o\000n\000s\000t\000\040\000T\000\040\000i\000b\000L\000e\000f\000t\000,\000\040\000c\000o\000n\000s\000t\000\040\000T\000\040\000i\000b\000R\000i\000g\000h\000t\000,\000\040\000T\000\040\000o\000h\000U\000p\000d\000a\000t\000e\000L\000e\000f\000t\000,\000\040\000T\000\040\000o\000h\000U\000p\000d\000a\000t\000e\000R\000i\000g\000h\000t\000,\000\040\000T\000\040\000o\000h\000u\000U\000p\000d\000a\000t\000e\000L\000e\000f\000t\000,\000\040\000T\000\040\000o\000h\000u\000U\000p\000d\000a\000t\000e\000R\000i\000g\000h\000t\000,\000\040\000T\000\040\000o\000m\000a\000x\000W\000a\000v\000e\000S\000p\000e\000e\000d\000\051\000=\0000}{subsection.8.11.4}% 195
\BOOKMARK [3][-]{subsubsection.8.11.4.2}{\376\377\0008\000.\0001\0001\000.\0004\000.\0002\000\040\000d\000e\000t\000e\000r\000m\000i\000n\000e\000W\000e\000t\000D\000r\000y\000S\000t\000a\000t\000e\000\050\000\051\000=\0000}{subsection.8.11.4}% 196
\BOOKMARK [3][-]{subsubsection.8.11.4.3}{\376\377\0008\000.\0001\0001\000.\0004\000.\0003\000\040\000s\000e\000t\000D\000r\000y\000T\000o\000l\000e\000r\000a\000n\000c\000e\000\050\000c\000o\000n\000s\000t\000\040\000T\000\040\000i\000d\000r\000y\000T\000o\000l\000e\000r\000a\000n\000c\000e\000\051}{subsection.8.11.4}% 197
\BOOKMARK [3][-]{subsubsection.8.11.4.4}{\376\377\0008\000.\0001\0001\000.\0004\000.\0004\000\040\000s\000t\000o\000r\000e\000P\000a\000r\000a\000m\000e\000t\000e\000r\000s\000\050\000c\000o\000n\000s\000t\000\040\000T\000\040\000i\000h\000L\000e\000f\000t\000,\000\040\000c\000o\000n\000s\000t\000\040\000T\000\040\000i\000h\000R\000i\000g\000h\000t\000,\000\040\000c\000o\000n\000s\000t\000\040\000T\000\040\000i\000h\000u\000L\000e\000f\000t\000,\000\040\000c\000o\000n\000s\000t\000\040\000T\000\040\000i\000h\000u\000R\000i\000g\000h\000t\000,\000\040\000c\000o\000n\000s\000t\000\040\000T\000\040\000i\000b\000L\000e\000f\000t\000,\000\040\000c\000o\000n\000s\000t\000\040\000T\000\040\000i\000b\000R\000i\000g\000h\000t\000\051}{subsection.8.11.4}% 198
\BOOKMARK [3][-]{subsubsection.8.11.4.5}{\376\377\0008\000.\0001\0001\000.\0004\000.\0005\000\040\000s\000t\000o\000r\000e\000P\000a\000r\000a\000m\000e\000t\000e\000r\000s\000\050\000c\000o\000n\000s\000t\000\040\000T\000\040\000i\000h\000L\000e\000f\000t\000,\000\040\000c\000o\000n\000s\000t\000\040\000T\000\040\000i\000h\000R\000i\000g\000h\000t\000,\000\040\000c\000o\000n\000s\000t\000\040\000T\000\040\000i\000h\000u\000L\000e\000f\000t\000,\000\040\000c\000o\000n\000s\000t\000\040\000T\000\040\000i\000h\000u\000R\000i\000g\000h\000t\000,\000\040\000c\000o\000n\000s\000t\000\040\000T\000\040\000i\000b\000L\000e\000f\000t\000,\000\040\000c\000o\000n\000s\000t\000\040\000T\000\040\000i\000b\000R\000i\000g\000h\000t\000,\000\040\000c\000o\000n\000s\000t\000\040\000T\000\040\000i\000u\000L\000e\000f\000t\000,\000\040\000c\000o\000n\000s\000t\000\040\000T\000\040\000i\000u\000R\000i\000g\000h\000t\000\051}{subsection.8.11.4}% 199
\BOOKMARK [2][-]{subsection.8.11.5}{\376\377\0008\000.\0001\0001\000.\0005\000\040\000M\000e\000m\000b\000e\000r\000\040\000D\000a\000t\000a\000\040\000D\000o\000c\000u\000m\000e\000n\000t\000a\000t\000i\000o\000n}{section.8.11}% 200
\BOOKMARK [3][-]{subsubsection.8.11.5.1}{\376\377\0008\000.\0001\0001\000.\0005\000.\0001\000\040\000b\000L\000e\000f\000t}{subsection.8.11.5}% 201
\BOOKMARK [3][-]{subsubsection.8.11.5.2}{\376\377\0008\000.\0001\0001\000.\0005\000.\0002\000\040\000b\000R\000i\000g\000h\000t}{subsection.8.11.5}% 202
\BOOKMARK [3][-]{subsubsection.8.11.5.3}{\376\377\0008\000.\0001\0001\000.\0005\000.\0003\000\040\000d\000r\000y\000T\000o\000l}{subsection.8.11.5}% 203
\BOOKMARK [3][-]{subsubsection.8.11.5.4}{\376\377\0008\000.\0001\0001\000.\0005\000.\0004\000\040\000g}{subsection.8.11.5}% 204
\BOOKMARK [3][-]{subsubsection.8.11.5.5}{\376\377\0008\000.\0001\0001\000.\0005\000.\0005\000\040\000h\000L\000e\000f\000t}{subsection.8.11.5}% 205
\BOOKMARK [3][-]{subsubsection.8.11.5.6}{\376\377\0008\000.\0001\0001\000.\0005\000.\0006\000\040\000h\000R\000i\000g\000h\000t}{subsection.8.11.5}% 206
\BOOKMARK [3][-]{subsubsection.8.11.5.7}{\376\377\0008\000.\0001\0001\000.\0005\000.\0007\000\040\000h\000u\000L\000e\000f\000t}{subsection.8.11.5}% 207
\BOOKMARK [3][-]{subsubsection.8.11.5.8}{\376\377\0008\000.\0001\0001\000.\0005\000.\0008\000\040\000h\000u\000R\000i\000g\000h\000t}{subsection.8.11.5}% 208
\BOOKMARK [3][-]{subsubsection.8.11.5.9}{\376\377\0008\000.\0001\0001\000.\0005\000.\0009\000\040\000u\000L\000e\000f\000t}{subsection.8.11.5}% 209
\BOOKMARK [3][-]{subsubsection.8.11.5.10}{\376\377\0008\000.\0001\0001\000.\0005\000.\0001\0000\000\040\000u\000R\000i\000g\000h\000t}{subsection.8.11.5}% 210
\BOOKMARK [3][-]{subsubsection.8.11.5.11}{\376\377\0008\000.\0001\0001\000.\0005\000.\0001\0001\000\040\000w\000e\000t\000D\000r\000y\000S\000t\000a\000t\000e}{subsection.8.11.5}% 211
\BOOKMARK [3][-]{subsubsection.8.11.5.12}{\376\377\0008\000.\0001\0001\000.\0005\000.\0001\0002\000\040\000z\000e\000r\000o\000T\000o\000l}{subsection.8.11.5}% 212
\BOOKMARK [1][-]{section.8.12}{\376\377\0008\000.\0001\0002\000\040\000W\000a\000v\000e\000P\000r\000o\000p\000a\000g\000a\000t\000i\000o\000n\000\040\000C\000l\000a\000s\000s\000\040\000R\000e\000f\000e\000r\000e\000n\000c\000e}{chapter.8}% 213
\BOOKMARK [2][-]{subsection.8.12.1}{\376\377\0008\000.\0001\0002\000.\0001\000\040\000D\000e\000t\000a\000i\000l\000e\000d\000\040\000D\000e\000s\000c\000r\000i\000p\000t\000i\000o\000n}{section.8.12}% 214
\BOOKMARK [0][-]{chapter.9}{\376\377\0009\000\040\000F\000i\000l\000e\000\040\000D\000o\000c\000u\000m\000e\000n\000t\000a\000t\000i\000o\000n}{}% 215
\BOOKMARK [1][-]{section.9.1}{\376\377\0009\000.\0001\000\040\000a\000p\000p\000/\000s\000r\000c\000/\000m\000a\000i\000n\000/\000c\000p\000p\000/\000b\000l\000o\000c\000k\000s\000/\000S\000W\000E\000\137\000B\000l\000o\000c\000k\000.\000c\000p\000p\000\040\000F\000i\000l\000e\000\040\000R\000e\000f\000e\000r\000e\000n\000c\000e}{chapter.9}% 216
\BOOKMARK [2][-]{subsection.9.1.1}{\376\377\0009\000.\0001\000.\0001\000\040\000D\000e\000t\000a\000i\000l\000e\000d\000\040\000D\000e\000s\000c\000r\000i\000p\000t\000i\000o\000n}{section.9.1}% 217
\BOOKMARK [2][-]{subsection.9.1.2}{\376\377\0009\000.\0001\000.\0002\000\040\000L\000I\000C\000E\000N\000S\000E}{section.9.1}% 218
\BOOKMARK [2][-]{subsection.9.1.3}{\376\377\0009\000.\0001\000.\0003\000\040\000D\000E\000S\000C\000R\000I\000P\000T\000I\000O\000N}{section.9.1}% 219
\BOOKMARK [1][-]{section.9.2}{\376\377\0009\000.\0002\000\040\000a\000p\000p\000/\000s\000r\000c\000/\000m\000a\000i\000n\000/\000c\000p\000p\000/\000b\000l\000o\000c\000k\000s\000/\000S\000W\000E\000\137\000B\000l\000o\000c\000k\000.\000h\000h\000\040\000F\000i\000l\000e\000\040\000R\000e\000f\000e\000r\000e\000n\000c\000e}{chapter.9}% 220
\BOOKMARK [2][-]{subsection.9.2.1}{\376\377\0009\000.\0002\000.\0001\000\040\000D\000e\000t\000a\000i\000l\000e\000d\000\040\000D\000e\000s\000c\000r\000i\000p\000t\000i\000o\000n}{section.9.2}% 221
\BOOKMARK [2][-]{subsection.9.2.2}{\376\377\0009\000.\0002\000.\0002\000\040\000L\000I\000C\000E\000N\000S\000E}{section.9.2}% 222
\BOOKMARK [2][-]{subsection.9.2.3}{\376\377\0009\000.\0002\000.\0003\000\040\000D\000E\000S\000C\000R\000I\000P\000T\000I\000O\000N}{section.9.2}% 223
\BOOKMARK [1][-]{section.9.3}{\376\377\0009\000.\0003\000\040\000a\000p\000p\000/\000s\000r\000c\000/\000m\000a\000i\000n\000/\000c\000p\000p\000/\000b\000l\000o\000c\000k\000s\000/\000S\000W\000E\000\137\000W\000a\000v\000e\000P\000r\000o\000p\000a\000g\000a\000t\000i\000o\000n\000B\000l\000o\000c\000k\000.\000c\000p\000p\000\040\000F\000i\000l\000e\000\040\000R\000e\000f\000e\000r\000e\000n\000c\000e}{chapter.9}% 224
\BOOKMARK [2][-]{subsection.9.3.1}{\376\377\0009\000.\0003\000.\0001\000\040\000D\000e\000t\000a\000i\000l\000e\000d\000\040\000D\000e\000s\000c\000r\000i\000p\000t\000i\000o\000n}{section.9.3}% 225
\BOOKMARK [2][-]{subsection.9.3.2}{\376\377\0009\000.\0003\000.\0002\000\040\000L\000I\000C\000E\000N\000S\000E}{section.9.3}% 226
\BOOKMARK [2][-]{subsection.9.3.3}{\376\377\0009\000.\0003\000.\0003\000\040\000D\000E\000S\000C\000R\000I\000P\000T\000I\000O\000N}{section.9.3}% 227
\BOOKMARK [1][-]{section.9.4}{\376\377\0009\000.\0004\000\040\000a\000p\000p\000/\000s\000r\000c\000/\000m\000a\000i\000n\000/\000c\000p\000p\000/\000b\000l\000o\000c\000k\000s\000/\000S\000W\000E\000\137\000W\000a\000v\000e\000P\000r\000o\000p\000a\000g\000a\000t\000i\000o\000n\000B\000l\000o\000c\000k\000.\000h\000h\000\040\000F\000i\000l\000e\000\040\000R\000e\000f\000e\000r\000e\000n\000c\000e}{chapter.9}% 228
\BOOKMARK [2][-]{subsection.9.4.1}{\376\377\0009\000.\0004\000.\0001\000\040\000D\000e\000t\000a\000i\000l\000e\000d\000\040\000D\000e\000s\000c\000r\000i\000p\000t\000i\000o\000n}{section.9.4}% 229
\BOOKMARK [2][-]{subsection.9.4.2}{\376\377\0009\000.\0004\000.\0002\000\040\000L\000I\000C\000E\000N\000S\000E}{section.9.4}% 230
\BOOKMARK [2][-]{subsection.9.4.3}{\376\377\0009\000.\0004\000.\0003\000\040\000D\000E\000S\000C\000R\000I\000P\000T\000I\000O\000N}{section.9.4}% 231
\BOOKMARK [1][-]{section.9.5}{\376\377\0009\000.\0005\000\040\000a\000p\000p\000/\000s\000r\000c\000/\000m\000a\000i\000n\000/\000c\000p\000p\000/\000b\000l\000o\000c\000k\000s\000/\000W\000a\000v\000e\000P\000r\000o\000p\000a\000g\000a\000t\000i\000o\000n\000.\000c\000p\000p\000\040\000F\000i\000l\000e\000\040\000R\000e\000f\000e\000r\000e\000n\000c\000e}{chapter.9}% 232
\BOOKMARK [1][-]{section.9.6}{\376\377\0009\000.\0006\000\040\000a\000p\000p\000/\000s\000r\000c\000/\000m\000a\000i\000n\000/\000c\000p\000p\000/\000b\000l\000o\000c\000k\000s\000/\000W\000a\000v\000e\000P\000r\000o\000p\000a\000g\000a\000t\000i\000o\000n\000.\000h\000p\000p\000\040\000F\000i\000l\000e\000\040\000R\000e\000f\000e\000r\000e\000n\000c\000e}{chapter.9}% 233
\BOOKMARK [1][-]{section.9.7}{\376\377\0009\000.\0007\000\040\000a\000p\000p\000/\000s\000r\000c\000/\000m\000a\000i\000n\000/\000c\000p\000p\000/\000s\000c\000e\000n\000a\000r\000i\000o\000s\000/\000S\000W\000E\000\137\000S\000c\000e\000n\000a\000r\000i\000o\000.\000h\000h\000\040\000F\000i\000l\000e\000\040\000R\000e\000f\000e\000r\000e\000n\000c\000e}{chapter.9}% 234
\BOOKMARK [2][-]{subsection.9.7.1}{\376\377\0009\000.\0007\000.\0001\000\040\000D\000e\000t\000a\000i\000l\000e\000d\000\040\000D\000e\000s\000c\000r\000i\000p\000t\000i\000o\000n}{section.9.7}% 235
\BOOKMARK [2][-]{subsection.9.7.2}{\376\377\0009\000.\0007\000.\0002\000\040\000L\000I\000C\000E\000N\000S\000E}{section.9.7}% 236
\BOOKMARK [2][-]{subsection.9.7.3}{\376\377\0009\000.\0007\000.\0003\000\040\000D\000E\000S\000C\000R\000I\000P\000T\000I\000O\000N}{section.9.7}% 237
\BOOKMARK [2][-]{subsection.9.7.4}{\376\377\0009\000.\0007\000.\0004\000\040\000T\000y\000p\000e\000d\000e\000f\000\040\000D\000o\000c\000u\000m\000e\000n\000t\000a\000t\000i\000o\000n}{section.9.7}% 238
\BOOKMARK [3][-]{subsubsection.9.7.4.1}{\376\377\0009\000.\0007\000.\0004\000.\0001\000\040\000B\000o\000u\000n\000d\000a\000r\000y\000E\000d\000g\000e}{subsection.9.7.4}% 239
\BOOKMARK [3][-]{subsubsection.9.7.4.2}{\376\377\0009\000.\0007\000.\0004\000.\0002\000\040\000B\000o\000u\000n\000d\000a\000r\000y\000T\000y\000p\000e}{subsection.9.7.4}% 240
\BOOKMARK [2][-]{subsection.9.7.5}{\376\377\0009\000.\0007\000.\0005\000\040\000E\000n\000u\000m\000e\000r\000a\000t\000i\000o\000n\000\040\000T\000y\000p\000e\000\040\000D\000o\000c\000u\000m\000e\000n\000t\000a\000t\000i\000o\000n}{section.9.7}% 241
\BOOKMARK [3][-]{subsubsection.9.7.5.1}{\376\377\0009\000.\0007\000.\0005\000.\0001\000\040\000B\000o\000u\000n\000d\000a\000r\000y\000E\000d\000g\000e}{subsection.9.7.5}% 242
\BOOKMARK [3][-]{subsubsection.9.7.5.2}{\376\377\0009\000.\0007\000.\0005\000.\0002\000\040\000B\000o\000u\000n\000d\000a\000r\000y\000T\000y\000p\000e}{subsection.9.7.5}% 243
\BOOKMARK [1][-]{section.9.8}{\376\377\0009\000.\0008\000\040\000a\000p\000p\000/\000s\000r\000c\000/\000m\000a\000i\000n\000/\000c\000p\000p\000/\000t\000o\000o\000l\000s\000/\000S\000W\000E\000\137\000S\000c\000e\000n\000a\000r\000i\000o\000.\000h\000h\000\040\000F\000i\000l\000e\000\040\000R\000e\000f\000e\000r\000e\000n\000c\000e}{chapter.9}% 244
\BOOKMARK [2][-]{subsection.9.8.1}{\376\377\0009\000.\0008\000.\0001\000\040\000T\000y\000p\000e\000d\000e\000f\000\040\000D\000o\000c\000u\000m\000e\000n\000t\000a\000t\000i\000o\000n}{section.9.8}% 245
\BOOKMARK [3][-]{subsubsection.9.8.1.1}{\376\377\0009\000.\0008\000.\0001\000.\0001\000\040\000B\000o\000u\000n\000d\000a\000r\000y\000E\000d\000g\000e}{subsection.9.8.1}% 246
\BOOKMARK [3][-]{subsubsection.9.8.1.2}{\376\377\0009\000.\0008\000.\0001\000.\0002\000\040\000B\000o\000u\000n\000d\000a\000r\000y\000T\000y\000p\000e}{subsection.9.8.1}% 247
\BOOKMARK [2][-]{subsection.9.8.2}{\376\377\0009\000.\0008\000.\0002\000\040\000E\000n\000u\000m\000e\000r\000a\000t\000i\000o\000n\000\040\000T\000y\000p\000e\000\040\000D\000o\000c\000u\000m\000e\000n\000t\000a\000t\000i\000o\000n}{section.9.8}% 248
\BOOKMARK [3][-]{subsubsection.9.8.2.1}{\376\377\0009\000.\0008\000.\0002\000.\0001\000\040\000B\000o\000u\000n\000d\000a\000r\000y\000E\000d\000g\000e}{subsection.9.8.2}% 249
\BOOKMARK [3][-]{subsubsection.9.8.2.2}{\376\377\0009\000.\0008\000.\0002\000.\0002\000\040\000B\000o\000u\000n\000d\000a\000r\000y\000T\000y\000p\000e}{subsection.9.8.2}% 250
\BOOKMARK [1][-]{section.9.9}{\376\377\0009\000.\0009\000\040\000a\000p\000p\000/\000s\000r\000c\000/\000m\000a\000i\000n\000/\000c\000p\000p\000/\000s\000c\000e\000n\000a\000r\000i\000o\000s\000/\000S\000W\000E\000\137\000s\000i\000m\000p\000l\000e\000\137\000s\000c\000e\000n\000a\000r\000i\000o\000s\000.\000h\000h\000\040\000F\000i\000l\000e\000\040\000R\000e\000f\000e\000r\000e\000n\000c\000e}{chapter.9}% 251
\BOOKMARK [2][-]{subsection.9.9.1}{\376\377\0009\000.\0009\000.\0001\000\040\000D\000e\000t\000a\000i\000l\000e\000d\000\040\000D\000e\000s\000c\000r\000i\000p\000t\000i\000o\000n}{section.9.9}% 252
\BOOKMARK [2][-]{subsection.9.9.2}{\376\377\0009\000.\0009\000.\0002\000\040\000L\000I\000C\000E\000N\000S\000E}{section.9.9}% 253
\BOOKMARK [2][-]{subsection.9.9.3}{\376\377\0009\000.\0009\000.\0003\000\040\000D\000E\000S\000C\000R\000I\000P\000T\000I\000O\000N}{section.9.9}% 254
\BOOKMARK [1][-]{section.9.10}{\376\377\0009\000.\0001\0000\000\040\000a\000p\000p\000/\000s\000r\000c\000/\000m\000a\000i\000n\000/\000c\000p\000p\000/\000t\000o\000o\000l\000s\000/\000h\000e\000l\000p\000.\000h\000h\000\040\000F\000i\000l\000e\000\040\000R\000e\000f\000e\000r\000e\000n\000c\000e}{chapter.9}% 255
\BOOKMARK [2][-]{subsection.9.10.1}{\376\377\0009\000.\0001\0000\000.\0001\000\040\000D\000e\000t\000a\000i\000l\000e\000d\000\040\000D\000e\000s\000c\000r\000i\000p\000t\000i\000o\000n}{section.9.10}% 256
\BOOKMARK [2][-]{subsection.9.10.2}{\376\377\0009\000.\0001\0000\000.\0002\000\040\000L\000I\000C\000E\000N\000S\000E}{section.9.10}% 257
\BOOKMARK [2][-]{subsection.9.10.3}{\376\377\0009\000.\0001\0000\000.\0003\000\040\000D\000E\000S\000C\000R\000I\000P\000T\000I\000O\000N}{section.9.10}% 258
\BOOKMARK [2][-]{subsection.9.10.4}{\376\377\0009\000.\0001\0000\000.\0004\000\040\000F\000u\000n\000c\000t\000i\000o\000n\000\040\000D\000o\000c\000u\000m\000e\000n\000t\000a\000t\000i\000o\000n}{section.9.10}% 259
\BOOKMARK [3][-]{subsubsection.9.10.4.1}{\376\377\0009\000.\0001\0000\000.\0004\000.\0001\000\040\000g\000e\000n\000e\000r\000a\000t\000e\000B\000a\000s\000e\000F\000i\000l\000e\000N\000a\000m\000e\000\050\000s\000t\000d\000:\000:\000s\000t\000r\000i\000n\000g\000\040\000i\000b\000a\000s\000e\000N\000a\000m\000e\000,\000\040\000i\000n\000t\000\040\000i\000b\000l\000o\000c\000k\000P\000o\000s\000i\000t\000i\000o\000n\000X\000,\000\040\000i\000n\000t\000\040\000i\000b\000l\000o\000c\000k\000P\000o\000s\000i\000t\000i\000o\000n\000Y\000\051}{subsection.9.10.4}% 260
\BOOKMARK [3][-]{subsubsection.9.10.4.2}{\376\377\0009\000.\0001\0000\000.\0004\000.\0002\000\040\000g\000e\000n\000e\000r\000a\000t\000e\000C\000o\000n\000t\000a\000i\000n\000e\000r\000F\000i\000l\000e\000N\000a\000m\000e\000\050\000s\000t\000d\000:\000:\000s\000t\000r\000i\000n\000g\000\040\000b\000a\000s\000e\000N\000a\000m\000e\000,\000\040\000i\000n\000t\000\040\000t\000i\000m\000e\000S\000t\000e\000p\000\051}{subsection.9.10.4}% 261
\BOOKMARK [3][-]{subsubsection.9.10.4.3}{\376\377\0009\000.\0001\0000\000.\0004\000.\0003\000\040\000g\000e\000n\000e\000r\000a\000t\000e\000F\000i\000l\000e\000N\000a\000m\000e\000\050\000s\000t\000d\000:\000:\000s\000t\000r\000i\000n\000g\000\040\000b\000a\000s\000e\000N\000a\000m\000e\000,\000\040\000i\000n\000t\000\040\000t\000i\000m\000e\000S\000t\000e\000p\000\051}{subsection.9.10.4}% 262
\BOOKMARK [3][-]{subsubsection.9.10.4.4}{\376\377\0009\000.\0001\0000\000.\0004\000.\0004\000\040\000g\000e\000n\000e\000r\000a\000t\000e\000F\000i\000l\000e\000N\000a\000m\000e\000\050\000s\000t\000d\000:\000:\000s\000t\000r\000i\000n\000g\000\040\000i\000b\000a\000s\000e\000N\000a\000m\000e\000,\000\040\000i\000n\000t\000\040\000i\000b\000l\000o\000c\000k\000P\000o\000s\000i\000t\000i\000o\000n\000X\000,\000\040\000i\000n\000t\000\040\000i\000b\000l\000o\000c\000k\000P\000o\000s\000i\000t\000i\000o\000n\000Y\000,\000\040\000s\000t\000d\000:\000:\000s\000t\000r\000i\000n\000g\000\040\000i\000f\000i\000l\000e\000E\000x\000t\000e\000n\000s\000i\000o\000n\000=\000"\000.\000n\000c\000"\000\051}{subsection.9.10.4}% 263
\BOOKMARK [3][-]{subsubsection.9.10.4.5}{\376\377\0009\000.\0001\0000\000.\0004\000.\0005\000\040\000g\000e\000n\000e\000r\000a\000t\000e\000F\000i\000l\000e\000N\000a\000m\000e\000\050\000s\000t\000d\000:\000:\000s\000t\000r\000i\000n\000g\000\040\000b\000a\000s\000e\000N\000a\000m\000e\000,\000\040\000i\000n\000t\000\040\000t\000i\000m\000e\000S\000t\000e\000p\000,\000\040\000i\000n\000t\000\040\000b\000l\000o\000c\000k\000X\000,\000\040\000i\000n\000t\000\040\000b\000l\000o\000c\000k\000Y\000,\000\040\000s\000t\000d\000:\000:\000s\000t\000r\000i\000n\000g\000\040\000i\000f\000i\000l\000e\000E\000x\000t\000e\000n\000s\000i\000o\000n\000=\000"\000.\000v\000t\000s\000"\000\051}{subsection.9.10.4}% 264
\BOOKMARK [1][-]{section.9.11}{\376\377\0009\000.\0001\0001\000\040\000a\000p\000p\000/\000s\000r\000c\000/\000m\000a\000i\000n\000/\000D\000o\000c\000M\000a\000i\000n\000.\000c\000p\000p\000\040\000F\000i\000l\000e\000\040\000R\000e\000f\000e\000r\000e\000n\000c\000e}{chapter.9}% 265
\BOOKMARK [2][-]{subsection.9.11.1}{\376\377\0009\000.\0001\0001\000.\0001\000\040\000F\000u\000n\000c\000t\000i\000o\000n\000\040\000D\000o\000c\000u\000m\000e\000n\000t\000a\000t\000i\000o\000n}{section.9.11}% 266
\BOOKMARK [3][-]{subsubsection.9.11.1.1}{\376\377\0009\000.\0001\0001\000.\0001\000.\0001\000\040\000m\000a\000i\000n\000\050\000\051}{subsection.9.11.1}% 267
\BOOKMARK [1][-]{section.9.12}{\376\377\0009\000.\0001\0002\000\040\000a\000p\000p\000/\000s\000r\000c\000/\000m\000a\000i\000n\000/\000j\000a\000v\000a\000/\000S\000o\000l\000v\000e\000r\000/\000C\000P\000P\000S\000i\000m\000u\000l\000a\000t\000o\000r\000.\000j\000a\000v\000a\000\040\000F\000i\000l\000e\000\040\000R\000e\000f\000e\000r\000e\000n\000c\000e}{chapter.9}% 268
\BOOKMARK [1][-]{section.9.13}{\376\377\0009\000.\0001\0003\000\040\000a\000p\000p\000/\000s\000r\000c\000/\000m\000a\000i\000n\000/\000j\000a\000v\000a\000/\000S\000o\000l\000v\000e\000r\000/\000H\000e\000l\000p\000e\000r\000.\000j\000a\000v\000a\000\040\000F\000i\000l\000e\000\040\000R\000e\000f\000e\000r\000e\000n\000c\000e}{chapter.9}% 269
\BOOKMARK [1][-]{section.9.14}{\376\377\0009\000.\0001\0004\000\040\000a\000p\000p\000/\000s\000r\000c\000/\000m\000a\000i\000n\000/\000j\000a\000v\000a\000/\000S\000o\000l\000v\000e\000r\000/\000S\000i\000m\000u\000l\000a\000t\000i\000o\000n\000R\000u\000n\000n\000e\000r\000.\000j\000a\000v\000a\000\040\000F\000i\000l\000e\000\040\000R\000e\000f\000e\000r\000e\000n\000c\000e}{chapter.9}% 270
\BOOKMARK [0][-]{section*.73}{\376\377\000I\000n\000d\000e\000x}{}% 271
